This is pdfTeX, Version 3.14159265-2.6-1.40.21 (TeX Live 2020) (preloaded format=latex 2021.2.1)  23 JUL 2021 11:11
entering extended mode
 restricted \write18 enabled.
 %&-line parsing enabled.
**\makeatletter\def\HCode{\futurelet\HCode\HChar}\def\HChar{\ifx"\HCode\def\HCo
de"##1"{\Link##1}\expandafter\HCode\else\expandafter\Link\fi}\def\Link#1.a.b.c.
{\g@addto@macro\@documentclasshook{\RequirePackage[#1,html]{tex4ht}}\let\HCode\
documentstyle\def\documentstyle{\let\documentstyle\HCode\expandafter\def\csname
 tex4ht\endcsname{#1,html}\def\HCode####1{\documentstyle[tex4ht,}\@ifnextchar[{
\HCode}{\documentstyle[tex4ht]}}}\makeatother\HCode xhtml,html5,charset=utf-8.a
.b.c.\input  MTP.tex
 (./MTP.tex
(/usr/local/texlive/2020/texmf-dist/tex/latex/base/report.cls
Document Class: report 2019/12/20 v1.4l Standard LaTeX document class
(/usr/local/texlive/2020/texmf-dist/tex/latex/base/size10.clo
File: size10.clo 2019/12/20 v1.4l Standard LaTeX file (size option)
)
\c@part=\count167
\c@chapter=\count168
\c@section=\count169
\c@subsection=\count170
\c@subsubsection=\count171
\c@paragraph=\count172
\c@subparagraph=\count173
\c@figure=\count174
\c@table=\count175
\abovecaptionskip=\skip47
\belowcaptionskip=\skip48
\bibindent=\dimen134
)
(/usr/local/texlive/2020/texmf-dist/tex/generic/tex4ht/tex4ht.sty
version 2020-02-18-14:17
Package: tex4ht 
--------------------------------------
--- Note --- for _ at preamble, use the command line option `early_'
--------------------------------------
--------------------------------------
--- Note --- for ^ at preamble, use the command line option `early^'
--------------------------------------
\tmp:toks=\toks15
)
(/usr/local/texlive/2020/texmf-dist/tex/generic/tex4ht/usepackage.4ht
version 2020-03-12-14:03
)
(/usr/local/texlive/2020/texmf-dist/tex/latex/amsmath/amsmath.sty
Package: amsmath 2020/01/20 v2.17e AMS math features
\@mathmargin=\skip49

For additional information on amsmath, use the `?' option.
(/usr/local/texlive/2020/texmf-dist/tex/latex/amsmath/amstext.sty
Package: amstext 2000/06/29 v2.01 AMS text

(/usr/local/texlive/2020/texmf-dist/tex/latex/amsmath/amsgen.sty
File: amsgen.sty 1999/11/30 v2.0 generic functions
\@emptytoks=\toks16
\ex@=\dimen135
))
(/usr/local/texlive/2020/texmf-dist/tex/latex/amsmath/amsbsy.sty
Package: amsbsy 1999/11/29 v1.2d Bold Symbols
\pmbraise@=\dimen136
)
(/usr/local/texlive/2020/texmf-dist/tex/latex/amsmath/amsopn.sty
Package: amsopn 2016/03/08 v2.02 operator names
)
\inf@bad=\count176
LaTeX Info: Redefining \frac on input line 227.
\uproot@=\count177
\leftroot@=\count178
LaTeX Info: Redefining \overline on input line 389.
\classnum@=\count179
\DOTSCASE@=\count180
LaTeX Info: Redefining \ldots on input line 486.
LaTeX Info: Redefining \dots on input line 489.
LaTeX Info: Redefining \cdots on input line 610.
\Mathstrutbox@=\box45
\strutbox@=\box46
\big@size=\dimen137
LaTeX Font Info:    Redeclaring font encoding OML on input line 733.
LaTeX Font Info:    Redeclaring font encoding OMS on input line 734.
\macc@depth=\count181
\c@MaxMatrixCols=\count182
\dotsspace@=\muskip16
\c@parentequation=\count183
\dspbrk@lvl=\count184
\tag@help=\toks17
\row@=\count185
\column@=\count186
\maxfields@=\count187
\andhelp@=\toks18
\eqnshift@=\dimen138
\alignsep@=\dimen139
\tagshift@=\dimen140
\tagwidth@=\dimen141
\totwidth@=\dimen142
\lineht@=\dimen143
\@envbody=\toks19
\multlinegap=\skip50
\multlinetaggap=\skip51
\mathdisplay@stack=\toks20
LaTeX Info: Redefining \[ on input line 2859.
LaTeX Info: Redefining \] on input line 2860.
)
(/usr/local/texlive/2020/texmf-dist/tex/latex/amsfonts/amssymb.sty
Package: amssymb 2013/01/14 v3.01 AMS font symbols

(/usr/local/texlive/2020/texmf-dist/tex/latex/amsfonts/amsfonts.sty
Package: amsfonts 2013/01/14 v3.01 Basic AMSFonts support
\symAMSa=\mathgroup4
\symAMSb=\mathgroup5
LaTeX Font Info:    Redeclaring math symbol \hbar on input line 98.
LaTeX Font Info:    Overwriting math alphabet `\mathfrak' in version `bold'
(Font)                  U/euf/m/n --> U/euf/b/n on input line 106.
))
(/usr/local/texlive/2020/texmf-dist/tex/latex/amscls/amsthm.sty
Package: amsthm 2017/10/31 v2.20.4
\thm@style=\toks21
\thm@bodyfont=\toks22
\thm@headfont=\toks23
\thm@notefont=\toks24
\thm@headpunct=\toks25
\thm@preskip=\skip52
\thm@postskip=\skip53
\thm@headsep=\skip54
\dth@everypar=\toks26
)
(/usr/local/texlive/2020/texmf-dist/tex/latex/enumitem/enumitem.sty
Package: enumitem 2019/06/20 v3.9 Customized lists
\enitkv@toks@=\toks27
\labelindent=\skip55
\enit@outerparindent=\dimen144
\enit@toks=\toks28
\enit@inbox=\box47
\enit@count@id=\count188
\enitdp@description=\count189
)
(/usr/local/texlive/2020/texmf-dist/tex/latex/tools/multicol.sty
Package: multicol 2019/12/09 v1.8y multicolumn formatting (FMi)
\c@tracingmulticols=\count190
\mult@box=\box48
\multicol@leftmargin=\dimen145
\c@unbalance=\count191
\c@collectmore=\count192
\doublecol@number=\count193
\multicoltolerance=\count194
\multicolpretolerance=\count195
\full@width=\dimen146
\page@free=\dimen147
\premulticols=\dimen148
\postmulticols=\dimen149
\multicolsep=\skip56
\multicolbaselineskip=\skip57
\partial@page=\box49
\last@line=\box50
\maxbalancingoverflow=\dimen150
\mult@rightbox=\box51
\mult@grightbox=\box52
\mult@gfirstbox=\box53
\mult@firstbox=\box54
\@tempa=\box55
\@tempa=\box56
\@tempa=\box57
\@tempa=\box58
\@tempa=\box59
\@tempa=\box60
\@tempa=\box61
\@tempa=\box62
\@tempa=\box63
\@tempa=\box64
\@tempa=\box65
\@tempa=\box66
\@tempa=\box67
\@tempa=\box68
\@tempa=\box69
\@tempa=\box70
\@tempa=\box71
\@tempa=\box72
\@tempa=\box73
\@tempa=\box74
\@tempa=\box75
\@tempa=\box76
\@tempa=\box77
\@tempa=\box78
\@tempa=\box79
\@tempa=\box80
\@tempa=\box81
\@tempa=\box82
\@tempa=\box83
\@tempa=\box84
\@tempa=\box85
\@tempa=\box86
\@tempa=\box87
\@tempa=\box88
\@tempa=\box89
\@tempa=\box90
\@tempa=\box91
\c@minrows=\count196
\c@columnbadness=\count197
\c@finalcolumnbadness=\count198
\last@try=\dimen151
\multicolovershoot=\dimen152
\multicolundershoot=\dimen153
\mult@nat@firstbox=\box92
\colbreak@box=\box93
\mc@col@check@num=\count199
)
(/usr/local/texlive/2020/texmf-dist/tex/latex/graphics/color.sty
Package: color 2019/11/23 v1.2a Standard LaTeX Color (DPC)

(/usr/local/texlive/2020/texmf-dist/tex/latex/graphics-cfg/color.cfg
File: color.cfg 2016/01/02 v1.6 sample color configuration
)
Package color Info: Driver file: dvips.def on input line 147.

(/usr/local/texlive/2020/texmf-dist/tex/latex/graphics-def/dvips.def
File: dvips.def 2017/06/20 v3.1d Graphics/color driver for dvips
)
(/usr/local/texlive/2020/texmf-dist/tex/latex/graphics/dvipsnam.def
File: dvipsnam.def 2016/06/17 v3.0m Driver-dependent file (DPC,SPQR)
))
(/usr/local/texlive/2020/texmf-dist/tex/latex/soul/soul.sty
Package: soul 2003/11/17 v2.4 letterspacing/underlining (mf)
\SOUL@word=\toks29
\SOUL@lasttoken=\toks30
\SOUL@cmds=\toks31
\SOUL@buffer=\toks32
\SOUL@token=\toks33
\SOUL@spaceskip=\skip58
\SOUL@ttwidth=\dimen154
\SOUL@uldp=\dimen155
\SOUL@ulht=\dimen156
)
(/usr/local/texlive/2020/texmf-dist/tex/latex/geometry/geometry.sty
Package: geometry 2020/01/02 v5.9 Page Geometry

(/usr/local/texlive/2020/texmf-dist/tex/latex/graphics/keyval.sty
Package: keyval 2014/10/28 v1.15 key=value parser (DPC)
\KV@toks@=\toks34
)
(/usr/local/texlive/2020/texmf-dist/tex/generic/iftex/ifvtex.sty
Package: ifvtex 2019/10/25 v1.7 ifvtex legacy package. Use iftex instead.

(/usr/local/texlive/2020/texmf-dist/tex/generic/iftex/iftex.sty
Package: iftex 2020/03/06 v1.0d TeX engine tests
))
\Gm@cnth=\count266
\Gm@cntv=\count267
\c@Gm@tempcnt=\count268
\Gm@bindingoffset=\dimen157
\Gm@wd@mp=\dimen158
\Gm@odd@mp=\dimen159
\Gm@even@mp=\dimen160
\Gm@layoutwidth=\dimen161
\Gm@layoutheight=\dimen162
\Gm@layouthoffset=\dimen163
\Gm@layoutvoffset=\dimen164
\Gm@dimlist=\toks35
)
(/usr/local/texlive/2020/texmf-dist/tex/latex/titlesec/titlesec.sty
Package: titlesec 2019/10/16 v2.13 Sectioning titles
\ttl@box=\box94
\beforetitleunit=\skip59
\aftertitleunit=\skip60
\ttl@plus=\dimen165
\ttl@minus=\dimen166
\ttl@toksa=\toks36
\titlewidth=\dimen167
\titlewidthlast=\dimen168
\titlewidthfirst=\dimen169
)
(/usr/local/texlive/2020/texmf-dist/tex/latex/graphics/lscape.sty
Package: lscape 2000/10/22 v3.01 Landscape Pages (DPC)

(/usr/local/texlive/2020/texmf-dist/tex/generic/tex4ht/usepackage.4ht
version 2020-03-12-14:03
)
(/usr/local/texlive/2020/texmf-dist/tex/latex/graphics/graphics.sty
Package: graphics 2019/11/30 v1.4a Standard LaTeX Graphics (DPC,SPQR)

(/usr/local/texlive/2020/texmf-dist/tex/latex/graphics/trig.sty
Package: trig 2016/01/03 v1.10 sin cos tan (DPC)
)
(/usr/local/texlive/2020/texmf-dist/tex/latex/graphics-cfg/graphics.cfg
File: graphics.cfg 2016/06/04 v1.11 sample graphics configuration
)
Package graphics Info: Driver file: dvips.def on input line 105.
))
(/usr/local/texlive/2020/texmf-dist/tex/latex/csquotes/csquotes.sty
Package: csquotes 2019-12-06 v5.2j context-sensitive quotations (JAW)

(/usr/local/texlive/2020/texmf-dist/tex/latex/etoolbox/etoolbox.sty
Package: etoolbox 2019/09/21 v2.5h e-TeX tools for LaTeX (JAW)
\etb@tempcnta=\count269
)
\csq@reset=\count270
\csq@gtype=\count271
\csq@glevel=\count272
\csq@qlevel=\count273
\csq@maxlvl=\count274
\csq@tshold=\count275
\csq@ltx@everypar=\toks37

(/usr/local/texlive/2020/texmf-dist/tex/latex/csquotes/csquotes.def
File: csquotes.def 2019-12-06 v5.2j csquotes generic definitions (JAW)
)
Package csquotes Info: Trying to load configuration file 'csquotes.cfg'...
Package csquotes Info: ... configuration file loaded successfully.

(/usr/local/texlive/2020/texmf-dist/tex/latex/csquotes/csquotes.cfg
File: csquotes.cfg 
))
(/usr/local/texlive/2020/texmf-dist/tex/latex/base/inputenc.sty
Package: inputenc 2018/08/11 v1.3c Input encoding file
\inpenc@prehook=\toks38
\inpenc@posthook=\toks39
)
(/usr/local/texlive/2020/texmf-dist/tex/generic/babel/babel.sty
Package: babel 2020/03/22 3.42 The Babel package

(/usr/local/texlive/2020/texmf-dist/tex/generic/babel/switch.def
File: switch.def 2020/03/22 3.42 Babel switching mechanism
)
(/usr/local/texlive/2020/texmf-dist/tex/generic/babel-english/english.ldf
Language: english 2017/06/06 v3.3r English support from the babel system

(/usr/local/texlive/2020/texmf-dist/tex/generic/babel/babel.def
File: babel.def 2020/03/22 3.42 Babel common definitions
\babel@savecnt=\count276
\U@D=\dimen170

(/usr/local/texlive/2020/texmf-dist/tex/generic/babel/txtbabel.def)
\bbl@readstream=\read2
\bbl@dirlevel=\count277
)
Package babel Info: \l@canadian = using hyphenrules for english
(babel)             (\language0) on input line 102.
Package babel Info: \l@australian = using hyphenrules for ukenglish
(babel)             (\language21) on input line 105.
Package babel Info: \l@newzealand = using hyphenrules for ukenglish
(babel)             (\language21) on input line 108.
))
(/usr/local/texlive/2020/texmf-dist/tex/latex/hyperref/hyperref.sty
Package: hyperref 2020/01/14 v7.00d Hypertext links for LaTeX

(/usr/local/texlive/2020/texmf-dist/tex/generic/ltxcmds/ltxcmds.sty
Package: ltxcmds 2019/12/15 v1.24 LaTeX kernel commands for general use (HO)
)
(/usr/local/texlive/2020/texmf-dist/tex/latex/pdftexcmds/pdftexcmds.sty
Package: pdftexcmds 2019/11/24 v0.31 Utility functions of pdfTeX for LuaTeX (HO
)

(/usr/local/texlive/2020/texmf-dist/tex/generic/infwarerr/infwarerr.sty
Package: infwarerr 2019/12/03 v1.5 Providing info/warning/error messages (HO)
)
Package pdftexcmds Info: \pdf@primitive is available.
Package pdftexcmds Info: \pdf@ifprimitive is available.
Package pdftexcmds Info: \pdfdraftmode is ignored in DVI mode.
)
(/usr/local/texlive/2020/texmf-dist/tex/generic/kvsetkeys/kvsetkeys.sty
Package: kvsetkeys 2019/12/15 v1.18 Key value parser (HO)
)
(/usr/local/texlive/2020/texmf-dist/tex/generic/kvdefinekeys/kvdefinekeys.sty
Package: kvdefinekeys 2019-12-19 v1.6 Define keys (HO)
)
(/usr/local/texlive/2020/texmf-dist/tex/generic/pdfescape/pdfescape.sty
Package: pdfescape 2019/12/09 v1.15 Implements pdfTeX's escape features (HO)
)
(/usr/local/texlive/2020/texmf-dist/tex/latex/hycolor/hycolor.sty
Package: hycolor 2020-01-27 v1.10 Color options for hyperref/bookmark (HO)
)
(/usr/local/texlive/2020/texmf-dist/tex/latex/letltxmacro/letltxmacro.sty
Package: letltxmacro 2019/12/03 v1.6 Let assignment for LaTeX macros (HO)
)
(/usr/local/texlive/2020/texmf-dist/tex/latex/auxhook/auxhook.sty
Package: auxhook 2019-12-17 v1.6 Hooks for auxiliary files (HO)


Package auxhook Warning: Cannot patch \document,
(auxhook)                using \AtBeginDocument instead.

) (/usr/local/texlive/2020/texmf-dist/tex/latex/kvoptions/kvoptions.sty
Package: kvoptions 2019/11/29 v3.13 Key value format for package options (HO)
)
\@linkdim=\dimen171
\Hy@linkcounter=\count278
\Hy@pagecounter=\count279

(/usr/local/texlive/2020/texmf-dist/tex/latex/hyperref/pd1enc.def
File: pd1enc.def 2020/01/14 v7.00d Hyperref: PDFDocEncoding definition (HO)
Now handling font encoding PD1 ...
... no UTF-8 mapping file for font encoding PD1
)
(/usr/local/texlive/2020/texmf-dist/tex/generic/intcalc/intcalc.sty
Package: intcalc 2019/12/15 v1.3 Expandable calculations with integers (HO)
)
(/usr/local/texlive/2020/texmf-dist/tex/generic/etexcmds/etexcmds.sty
Package: etexcmds 2019/12/15 v1.7 Avoid name clashes with e-TeX commands (HO)
)
\Hy@SavedSpaceFactor=\count280
Package hyperref Info: Option `colorlinks' set `true' on input line 4421.
Package hyperref Info: Hyper figures OFF on input line 4547.
Package hyperref Info: Link nesting OFF on input line 4552.
Package hyperref Info: Hyper index ON on input line 4555.
Package hyperref Info: Plain pages OFF on input line 4562.
Package hyperref Info: Backreferencing OFF on input line 4567.
Package hyperref Info: Implicit mode ON; LaTeX internals redefined.
Package hyperref Info: Bookmarks ON on input line 4800.
\c@Hy@tempcnt=\count281

(/usr/local/texlive/2020/texmf-dist/tex/latex/url/url.sty
\Urlmuskip=\muskip17
Package: url 2013/09/16  ver 3.4  Verb mode for urls, etc.
)
LaTeX Info: Redefining \url on input line 5159.
\XeTeXLinkMargin=\dimen172

(/usr/local/texlive/2020/texmf-dist/tex/generic/bitset/bitset.sty
Package: bitset 2019/12/09 v1.3 Handle bit-vector datatype (HO)

(/usr/local/texlive/2020/texmf-dist/tex/generic/bigintcalc/bigintcalc.sty
Package: bigintcalc 2019/12/15 v1.5 Expandable calculations on big integers (HO
)
))
\Fld@menulength=\count282
\Field@Width=\dimen173
\Fld@charsize=\dimen174
\Field@toks=\toks40
Package hyperref Info: Hyper figures OFF on input line 6430.
Package hyperref Info: Link nesting OFF on input line 6435.
Package hyperref Info: Hyper index ON on input line 6438.
Package hyperref Info: backreferencing OFF on input line 6445.
Package hyperref Info: Link coloring ON on input line 6448.
Package hyperref Info: Link coloring with OCG OFF on input line 6455.
Package hyperref Info: PDF/A mode OFF on input line 6460.
LaTeX Info: Redefining \ref on input line 6500.
LaTeX Info: Redefining \pageref on input line 6504.

(/usr/local/texlive/2020/texmf-dist/tex/generic/atbegshi/atbegshi.sty
Package: atbegshi 2019/12/05 v1.19 At begin shipout hook (HO)
)
\Hy@abspage=\count283


Package hyperref Message: Stopped early.

)
Package hyperref Info: Driver: htex4ht.
 (/usr/local/texlive/2020/texmf-dist/tex/latex/hyperref/htex4ht.def
File: htex4ht.def 2020/01/14 v7.00d Hyperref driver for TeX4ht
Package hyperref Info: tex4ht is already loaded.
)
Package hyperref Info: Option `colorlinks' set `true' on input line 13.
\c@definition=\count284
\c@theorem=\count285
\c@lemma=\count286
\c@proposition=\count287
\c@corollary=\count288


Package csquotes Warning: Load 'inputenc' before 'csquotes' on input line 72.

Package csquotes Info: Checking for multilingual support...
Package csquotes Info: ... found 'babel' package.
Package csquotes Info: Adjusting default style.
Package csquotes Info: Redefining alias 'default' -> 'english'.
(/usr/local/texlive/2020/texmf-dist/tex/generic/tex4ht/tex4ht.4ht
version 2020-03-12-14:03
--------------------------------------
--- Note --- for additional information, use the command line option `info'
--------------------------------------

::::::::::::::::::::::::::::::::::::::::::
 TeX4ht info is available in the log file 
::::::::::::::::::::::::::::::::::::::::::
) (/usr/local/texlive/2020/texmf-dist/tex/generic/tex4ht/tex4ht.sty
version 2020-02-18-14:17

--- needs --- tex4ht MTP ---
\tmp:cnt=\count289
\openout15 = `MTP.tmp'.

(./MTP.tmp)
\tmp:dim=\skip61
 (./MTP.xref)
\:refout=\write3
\openout3 = `MTP.xref'.


(/usr/local/texlive/2020/texmf-dist/tex/generic/tex4ht/html4.4ht
version 2020-03-16-10:43
--------------------------------------
--- Note --- to remove the <?xml version=...?> processing instruction use the c
ommand line option `no-VERSION'
--------------------------------------
--------------------------------------
--- Note --- to remove the DOCTYPE declaration use the command line option `no-
DOCTYPE'
--------------------------------------
)
(/usr/local/texlive/2020/texmf-dist/tex/generic/tex4ht/unicode.4ht
version 2019-12-28-14:40
)
(/usr/local/texlive/2020/texmf-dist/tex/generic/tex4ht/html4-math.4ht
version 2020-03-06-15:07
)
(/usr/local/texlive/2020/texmf-dist/tex/generic/tex4ht/html5.4ht
version 2019-11-21-13:36
)
--------------------------------------
--- Note --- for marking of the base font, use the command line option `fonts+'

--------------------------------------
--------------------------------------
--- Note --- for non active _, use the command line option `no_'
--------------------------------------
--------------------------------------
--- Note --- for _ of catcode 13, use the command line option `_13'
--------------------------------------
--------------------------------------
--- Note --- for non active ^, use the command line option `no^'
--------------------------------------
--------------------------------------
--- Note --- for ^ of catcode 13, use the command line option `^13'
--------------------------------------

(/usr/local/texlive/2020/texmf-dist/tex/generic/tex4ht/html4.4ht
version 2020-03-16-10:43
--------------------------------------
--- Note --- to ignore CSS font decoration, use the `NoFonts' command line opti
on
--------------------------------------
--------------------------------------
--- Note --- for jpg bitmaps of pictures, use the `jpg' command line option. (C
haracter bitmaps are controled only by `g' records of tex4ht.env and `-g' switc
hes of tex4ht.c) 
--------------------------------------
--------------------------------------
--- Note --- for gif bitmaps of pictures, use the `gif' command line option. (C
haracter bitmaps are controled only by `g' records of tex4ht.env and `-g' switc
hes of tex4ht.c) 
--------------------------------------
--------------------------------------
--- Note --- for content and toc in 2 frames, use the command line option `fram
es'
--------------------------------------
--------------------------------------
--- Note --- for content, toc, and footnotes in 3 frames, use the command line 
option `frames-fn'
--------------------------------------
--------------------------------------
--- Note --- for file extension name xht, use the command line option `xht'
--------------------------------------
TeX4ht package options: xhtml,html5,charset=utf-8,html
--------------------------------------
--- Note --- To print a timestamp, use the command line option timestamp
--------------------------------------
--------------------------------------
--- Note --- to ignore CSS code, use the command line option `-css
--------------------------------------
--------------------------------------
--- Note --- for inline CSS code, use the command line option `css-in'
--------------------------------------
--------------------------------------
--- Note --- for pop ups on mouse over, use the command line option `mouseover'

--------------------------------------
--------------------------------------
--- Note --- for addressing images in a subdirectory, use the command line opti
on `imgdir:.../'
--------------------------------------
)
(/usr/local/texlive/2020/texmf-dist/tex/generic/tex4ht/unicode.4ht
version 2019-12-28-14:40
)
(/usr/local/texlive/2020/texmf-dist/tex/generic/tex4ht/html4-math.4ht
version 2020-03-06-15:07
)
(/usr/local/texlive/2020/texmf-dist/tex/generic/tex4ht/html5.4ht
version 2019-11-21-13:36
--------------------------------------
--- Note --- To print a timestamp, use the command line option timestamp
--------------------------------------
)
\:tokwrite=\toks41
\:tokpage=\toks42
--------------------------------------
--- Note --- for back links to toc, use the command line option `sections+'
--------------------------------------
--------------------------------------
--- Note --- for linear crosslinks of pages, use the command line option `next'

--------------------------------------
\openout15 = `MTP.4ct'.

\:tocout=\write4
\openout4 = `MTP.4tc'.


(/usr/local/texlive/2020/texmf-dist/tex/generic/tex4ht/html4.4ht
version 2020-03-16-10:43
)
(/usr/local/texlive/2020/texmf-dist/tex/generic/tex4ht/unicode.4ht
version 2019-12-28-14:40
)
(/usr/local/texlive/2020/texmf-dist/tex/generic/tex4ht/html4-math.4ht
version 2020-03-06-15:07
)
(/usr/local/texlive/2020/texmf-dist/tex/generic/tex4ht/html5.4ht
version 2019-11-21-13:36
)
(/usr/local/texlive/2020/texmf-dist/tex/generic/tex4ht/latex.4ht
version 2020-02-26-14:25
LaTeX Info: Redefining \_ on input line 168.
--------------------------------------
--- Note --- for links into captions, instead of float heads, use the command l
ine option `refcaption'
--------------------------------------

(/usr/local/texlive/2020/texmf-dist/tex/generic/tex4ht/html4.4ht
version 2020-03-16-10:43
)
(/usr/local/texlive/2020/texmf-dist/tex/generic/tex4ht/unicode.4ht
version 2019-12-28-14:40
)
(/usr/local/texlive/2020/texmf-dist/tex/generic/tex4ht/html4-math.4ht
version 2020-03-06-15:07
)
(/usr/local/texlive/2020/texmf-dist/tex/generic/tex4ht/html5.4ht
version 2019-11-21-13:36
)
(/usr/local/texlive/2020/texmf-dist/tex/generic/tex4ht/html4.4ht
version 2020-03-16-10:43
--------------------------------------
--- Note --- For mini tocs immediately aftter the header use the command line o
ption `minitoc<'
--------------------------------------
--------------------------------------
--- Note --- for enumerated list elements with valued data, use the command lin
e option `enumerate+'
--------------------------------------
--------------------------------------
--- Note --- for enumerated list elements li's with value attributes, use the c
ommand line option `enumerate-'
--------------------------------------
--------------------------------------
--- Note --- for CSS2 code, use the command line option `css2'
--------------------------------------
--------------------------------------
--- Note --- for pictorial tabular, use the command line option `pic-tabular'
--------------------------------------
--------------------------------------
--- Note --- for bitmap fbox'es, use the command line option `pic-fbox'
--------------------------------------
--------------------------------------
--- Note --- for bitmap framebox'es, use the command line option `pic-framebox'

--------------------------------------
--------------------------------------
--- Note --- for inline footnotes use command line option `fn-in'
--------------------------------------
--------------------------------------
--- Note --- for tracing of latex font commands, use the command line option `f
onts'
--------------------------------------
--------------------------------------
--- Note --- for width specifications of tabular p entries, use the `p-width' c
ommand line option or a configuration similar to \Configure{HColWidth}{\HCode{ 
style="width:\HColWidth"}}
--------------------------------------
)
(/usr/local/texlive/2020/texmf-dist/tex/generic/tex4ht/unicode.4ht
version 2019-12-28-14:40
)
(/usr/local/texlive/2020/texmf-dist/tex/generic/tex4ht/html4-math.4ht
version 2020-03-06-15:07
--------------------------------------
--- Note --- for pictorial eqnarray, use the command line option `pic-eqnarray'

--------------------------------------
--------------------------------------
--- Note --- for pictorial array, use the command line option `pic-array'
--------------------------------------
--------------------------------------
--- Note --- for pictorial $...$ environments, use the command line option `pic
-m' (not recommended!!)
--------------------------------------
--------------------------------------
--- Note --- for pictorial $...$ and $$...$$ environments with latex alt, use t
he command line option `pic-m+' (not safe!!)
--------------------------------------
--------------------------------------
--- Note --- for pictorial array, use the command line option `pic-array'
--------------------------------------
)
(/usr/local/texlive/2020/texmf-dist/tex/generic/tex4ht/html5.4ht
version 2019-11-21-13:36
))
(/usr/local/texlive/2020/texmf-dist/tex/generic/tex4ht/fontmath.4ht
version 2018-11-06-15:55

(/usr/local/texlive/2020/texmf-dist/tex/generic/tex4ht/html4.4ht
version 2020-03-16-10:43
)
(/usr/local/texlive/2020/texmf-dist/tex/generic/tex4ht/unicode.4ht
version 2019-12-28-14:40
)
(/usr/local/texlive/2020/texmf-dist/tex/generic/tex4ht/html4-math.4ht
version 2020-03-06-15:07
)
(/usr/local/texlive/2020/texmf-dist/tex/generic/tex4ht/html5.4ht
version 2019-11-21-13:36
))
(/usr/local/texlive/2020/texmf-dist/tex/generic/tex4ht/report.4ht
(/usr/local/texlive/2020/texmf-dist/tex/generic/tex4ht/html4.4ht
version 2020-03-16-10:43
--------------------------------------
--- Note --- for automatic sectioning pagination, use the command line option `
1', `2', `3', '4', '5', '6', or '7'
--------------------------------------
--------------------------------------
--- Note --- for files named derived from section titles, use the command line 
option `sec-filename'
--------------------------------------
--------------------------------------
--- Note --- for i-columns index, use the command line option `index=i' (e.g., 
index=2)
--------------------------------------
)
(/usr/local/texlive/2020/texmf-dist/tex/generic/tex4ht/unicode.4ht
version 2019-12-28-14:40
)
(/usr/local/texlive/2020/texmf-dist/tex/generic/tex4ht/html4-math.4ht
version 2020-03-06-15:07
)
(/usr/local/texlive/2020/texmf-dist/tex/generic/tex4ht/html5.4ht
version 2019-11-21-13:36
))
(/usr/local/texlive/2020/texmf-dist/tex/generic/tex4ht/amsmath.4ht
version 2019-12-29-14:17
\tmp:muskip=\muskip18

(/usr/local/texlive/2020/texmf-dist/tex/generic/tex4ht/html4.4ht
version 2020-03-16-10:43
)
(/usr/local/texlive/2020/texmf-dist/tex/generic/tex4ht/unicode.4ht
version 2019-12-28-14:40
)
(/usr/local/texlive/2020/texmf-dist/tex/generic/tex4ht/html4-math.4ht
version 2020-03-06-15:07
)
(/usr/local/texlive/2020/texmf-dist/tex/generic/tex4ht/html5.4ht
version 2019-11-21-13:36
))
(/usr/local/texlive/2020/texmf-dist/tex/generic/tex4ht/amstext.4ht
version 2009-05-21-09:32

(/usr/local/texlive/2020/texmf-dist/tex/generic/tex4ht/html4.4ht
version 2020-03-16-10:43
)
(/usr/local/texlive/2020/texmf-dist/tex/generic/tex4ht/unicode.4ht
version 2019-12-28-14:40
)
(/usr/local/texlive/2020/texmf-dist/tex/generic/tex4ht/html4-math.4ht
version 2020-03-06-15:07
)
(/usr/local/texlive/2020/texmf-dist/tex/generic/tex4ht/html5.4ht
version 2019-11-21-13:36
))
(/usr/local/texlive/2020/texmf-dist/tex/generic/tex4ht/amsbsy.4ht
version 2009-05-21-09:32

(/usr/local/texlive/2020/texmf-dist/tex/generic/tex4ht/html4.4ht
version 2020-03-16-10:43
)
(/usr/local/texlive/2020/texmf-dist/tex/generic/tex4ht/unicode.4ht
version 2019-12-28-14:40
)
(/usr/local/texlive/2020/texmf-dist/tex/generic/tex4ht/html4-math.4ht
version 2020-03-06-15:07
)
(/usr/local/texlive/2020/texmf-dist/tex/generic/tex4ht/html5.4ht
version 2019-11-21-13:36
))
(/usr/local/texlive/2020/texmf-dist/tex/generic/tex4ht/amsopn.4ht
version 2009-05-21-09:32

(/usr/local/texlive/2020/texmf-dist/tex/generic/tex4ht/html4.4ht
version 2020-03-16-10:43
)
(/usr/local/texlive/2020/texmf-dist/tex/generic/tex4ht/unicode.4ht
version 2019-12-28-14:40
)
(/usr/local/texlive/2020/texmf-dist/tex/generic/tex4ht/html4-math.4ht
version 2020-03-06-15:07
)
(/usr/local/texlive/2020/texmf-dist/tex/generic/tex4ht/html5.4ht
version 2019-11-21-13:36
))
(/usr/local/texlive/2020/texmf-dist/tex/generic/tex4ht/amssymb.4ht
version 2009-05-21-09:32

(/usr/local/texlive/2020/texmf-dist/tex/generic/tex4ht/html4.4ht
version 2020-03-16-10:43
)
(/usr/local/texlive/2020/texmf-dist/tex/generic/tex4ht/unicode.4ht
version 2019-12-28-14:40
)
(/usr/local/texlive/2020/texmf-dist/tex/generic/tex4ht/html4-math.4ht
version 2020-03-06-15:07
)
(/usr/local/texlive/2020/texmf-dist/tex/generic/tex4ht/html5.4ht
version 2019-11-21-13:36
))
(/usr/local/texlive/2020/texmf-dist/tex/generic/tex4ht/amsfonts.4ht
version 2009-05-21-09:32

(/usr/local/texlive/2020/texmf-dist/tex/generic/tex4ht/html4.4ht
version 2020-03-16-10:43
)
(/usr/local/texlive/2020/texmf-dist/tex/generic/tex4ht/unicode.4ht
version 2019-12-28-14:40
)
(/usr/local/texlive/2020/texmf-dist/tex/generic/tex4ht/html4-math.4ht
version 2020-03-06-15:07
)
(/usr/local/texlive/2020/texmf-dist/tex/generic/tex4ht/html5.4ht
version 2019-11-21-13:36
))
(/usr/local/texlive/2020/texmf-dist/tex/generic/tex4ht/amsthm.4ht
version 2009-05-21-09:32

(/usr/local/texlive/2020/texmf-dist/tex/generic/tex4ht/html4.4ht
version 2020-03-16-10:43
)
(/usr/local/texlive/2020/texmf-dist/tex/generic/tex4ht/unicode.4ht
version 2019-12-28-14:40
)
(/usr/local/texlive/2020/texmf-dist/tex/generic/tex4ht/html4-math.4ht
version 2020-03-06-15:07
)
(/usr/local/texlive/2020/texmf-dist/tex/generic/tex4ht/html5.4ht
version 2019-11-21-13:36
))
(/usr/local/texlive/2020/texmf-dist/tex/generic/tex4ht/enumitem.4ht
version 2009-05-21-09:32

(/usr/local/texlive/2020/texmf-dist/tex/generic/tex4ht/html4.4ht
version 2020-03-16-10:43
)
(/usr/local/texlive/2020/texmf-dist/tex/generic/tex4ht/unicode.4ht
version 2019-12-28-14:40
)
(/usr/local/texlive/2020/texmf-dist/tex/generic/tex4ht/html4-math.4ht
version 2020-03-06-15:07
)
(/usr/local/texlive/2020/texmf-dist/tex/generic/tex4ht/html5.4ht
version 2019-11-21-13:36
))
(/usr/local/texlive/2020/texmf-dist/tex/generic/tex4ht/multicol.4ht
(/usr/local/texlive/2020/texmf-dist/tex/generic/tex4ht/html4.4ht
version 2020-03-16-10:43
)
(/usr/local/texlive/2020/texmf-dist/tex/generic/tex4ht/unicode.4ht
version 2019-12-28-14:40
)
(/usr/local/texlive/2020/texmf-dist/tex/generic/tex4ht/html4-math.4ht
version 2020-03-06-15:07
)
(/usr/local/texlive/2020/texmf-dist/tex/generic/tex4ht/html5.4ht
version 2019-11-21-13:36
))
(/usr/local/texlive/2020/texmf-dist/tex/generic/tex4ht/color.4ht
(/usr/local/texlive/2020/texmf-dist/tex/generic/tex4ht/html4.4ht
version 2020-03-16-10:43
)
(/usr/local/texlive/2020/texmf-dist/tex/generic/tex4ht/unicode.4ht
version 2019-12-28-14:40
)
(/usr/local/texlive/2020/texmf-dist/tex/generic/tex4ht/html4-math.4ht
version 2020-03-06-15:07
)
(/usr/local/texlive/2020/texmf-dist/tex/generic/tex4ht/html5.4ht
version 2019-11-21-13:36
))
(/usr/local/texlive/2020/texmf-dist/tex/generic/tex4ht/dvips.4ht
version 2009-05-21-09:32

(/usr/local/texlive/2020/texmf-dist/tex/generic/tex4ht/html4.4ht
version 2020-03-16-10:43
)
(/usr/local/texlive/2020/texmf-dist/tex/generic/tex4ht/unicode.4ht
version 2019-12-28-14:40
)
(/usr/local/texlive/2020/texmf-dist/tex/generic/tex4ht/html4-math.4ht
version 2020-03-06-15:07
)
(/usr/local/texlive/2020/texmf-dist/tex/generic/tex4ht/html5.4ht
version 2019-11-21-13:36
))
(/usr/local/texlive/2020/texmf-dist/tex/generic/tex4ht/dvipsnam.4ht
version 2009-05-21-09:32

(/usr/local/texlive/2020/texmf-dist/tex/latex/graphics/dvipsnam.def)
(/usr/local/texlive/2020/texmf-dist/tex/generic/tex4ht/html4.4ht
version 2020-03-16-10:43
)
(/usr/local/texlive/2020/texmf-dist/tex/generic/tex4ht/unicode.4ht
version 2019-12-28-14:40
)
(/usr/local/texlive/2020/texmf-dist/tex/generic/tex4ht/html4-math.4ht
version 2020-03-06-15:07
)
(/usr/local/texlive/2020/texmf-dist/tex/generic/tex4ht/html5.4ht
version 2019-11-21-13:36
))
(/usr/local/texlive/2020/texmf-dist/tex/generic/tex4ht/soul.4ht
version 2009-05-21-09:32

(/usr/local/texlive/2020/texmf-dist/tex/generic/tex4ht/html4.4ht
version 2020-03-16-10:43
)
(/usr/local/texlive/2020/texmf-dist/tex/generic/tex4ht/unicode.4ht
version 2019-12-28-14:40
)
(/usr/local/texlive/2020/texmf-dist/tex/generic/tex4ht/html4-math.4ht
version 2020-03-06-15:07
)
(/usr/local/texlive/2020/texmf-dist/tex/generic/tex4ht/html5.4ht
version 2019-11-21-13:36
))
(/usr/local/texlive/2020/texmf-dist/tex/generic/tex4ht/geometry.4ht
version 2016-07-01-08:55

(/usr/local/texlive/2020/texmf-dist/tex/generic/tex4ht/html4.4ht
version 2020-03-16-10:43
)
(/usr/local/texlive/2020/texmf-dist/tex/generic/tex4ht/unicode.4ht
version 2019-12-28-14:40
)
(/usr/local/texlive/2020/texmf-dist/tex/generic/tex4ht/html4-math.4ht
version 2020-03-06-15:07
)
(/usr/local/texlive/2020/texmf-dist/tex/generic/tex4ht/html5.4ht
version 2019-11-21-13:36
))
(/usr/local/texlive/2020/texmf-dist/tex/generic/tex4ht/titlesec.4ht
version 2019-01-05-15:17

(/usr/local/texlive/2020/texmf-dist/tex/generic/tex4ht/html4.4ht
version 2020-03-16-10:43
)
(/usr/local/texlive/2020/texmf-dist/tex/generic/tex4ht/unicode.4ht
version 2019-12-28-14:40
)
(/usr/local/texlive/2020/texmf-dist/tex/generic/tex4ht/html4-math.4ht
version 2020-03-06-15:07
)
(/usr/local/texlive/2020/texmf-dist/tex/generic/tex4ht/html5.4ht
version 2019-11-21-13:36
))
(/usr/local/texlive/2020/texmf-dist/tex/generic/tex4ht/graphics.4ht
(/usr/local/texlive/2020/texmf-dist/tex/generic/tex4ht/html4.4ht
version 2020-03-16-10:43
--------------------------------------
--- Note --- if included graphics are of degraded quality, try the command line
 options `graphics-num' or `graphics-'. The `num' should provide the density of
 pixels in the bitmaps (e.g., 110). 
--------------------------------------
--------------------------------------
--- Note --- for key dimensions try the option `Gin-dim'; for key dimensions wh
en bounding box is unavailable try `Gin-dim+'; neither is recommended
--------------------------------------
)
(/usr/local/texlive/2020/texmf-dist/tex/generic/tex4ht/unicode.4ht
version 2019-12-28-14:40
)
(/usr/local/texlive/2020/texmf-dist/tex/generic/tex4ht/html4-math.4ht
version 2020-03-06-15:07
)
(/usr/local/texlive/2020/texmf-dist/tex/generic/tex4ht/html5.4ht
version 2019-11-21-13:36
))
(/usr/local/texlive/2020/texmf-dist/tex/generic/tex4ht/csquotes.4ht
version 2019-02-19-15:55

(/usr/local/texlive/2020/texmf-dist/tex/generic/tex4ht/html4.4ht
version 2020-03-16-10:43
)
(/usr/local/texlive/2020/texmf-dist/tex/generic/tex4ht/unicode.4ht
version 2019-12-28-14:40
)
(/usr/local/texlive/2020/texmf-dist/tex/generic/tex4ht/html4-math.4ht
version 2020-03-06-15:07
)
(/usr/local/texlive/2020/texmf-dist/tex/generic/tex4ht/html5.4ht
version 2019-11-21-13:36
))
(/usr/local/texlive/2020/texmf-dist/tex/generic/tex4ht/inputenc.4ht
version 2009-05-21-09:32

(/usr/local/texlive/2020/texmf-dist/tex/generic/tex4ht/html4.4ht
version 2020-03-16-10:43
)
(/usr/local/texlive/2020/texmf-dist/tex/generic/tex4ht/unicode.4ht
version 2019-12-28-14:40
)
(/usr/local/texlive/2020/texmf-dist/tex/generic/tex4ht/html4-math.4ht
version 2020-03-06-15:07
)
(/usr/local/texlive/2020/texmf-dist/tex/generic/tex4ht/html5.4ht
version 2019-11-21-13:36
))
(/usr/local/texlive/2020/texmf-dist/tex/generic/tex4ht/babel.4ht
(/usr/local/texlive/2020/texmf-dist/tex/generic/tex4ht/html4.4ht
version 2020-03-16-10:43
)
(/usr/local/texlive/2020/texmf-dist/tex/generic/tex4ht/unicode.4ht
version 2019-12-28-14:40
)
(/usr/local/texlive/2020/texmf-dist/tex/generic/tex4ht/html4-math.4ht
version 2020-03-06-15:07
)
(/usr/local/texlive/2020/texmf-dist/tex/generic/tex4ht/html5.4ht
version 2019-11-21-13:36
))
(/usr/local/texlive/2020/texmf-dist/tex/generic/tex4ht/english.4ht
version 2009-05-21-09:32

(/usr/local/texlive/2020/texmf-dist/tex/generic/tex4ht/html4.4ht
version 2020-03-16-10:43
)
(/usr/local/texlive/2020/texmf-dist/tex/generic/tex4ht/unicode.4ht
version 2019-12-28-14:40
)
(/usr/local/texlive/2020/texmf-dist/tex/generic/tex4ht/html4-math.4ht
version 2020-03-06-15:07
)
(/usr/local/texlive/2020/texmf-dist/tex/generic/tex4ht/html5.4ht
version 2019-11-21-13:36
))
(/usr/local/texlive/2020/texmf-dist/tex/generic/tex4ht/hyperref.4ht
version 2019-09-14-15:17

(/usr/local/texlive/2020/texmf-dist/tex/latex/hyperref/nameref.sty
Package: nameref 2019/09/16 v2.46 Cross-referencing by name of section

(/usr/local/texlive/2020/texmf-dist/tex/latex/refcount/refcount.sty
Package: refcount 2019/12/15 v3.6 Data extraction from label references (HO)
)
(/usr/local/texlive/2020/texmf-dist/tex/generic/gettitlestring/gettitlestring.s
ty
Package: gettitlestring 2019/12/15 v1.6 Cleanup title references (HO)
)
\c@section@level=\count290
) (/usr/local/texlive/2020/texmf-dist/tex/generic/tex4ht/nameref.4ht
version 2019-12-23-13:36

(/usr/local/texlive/2020/texmf-dist/tex/generic/tex4ht/html4.4ht
version 2020-03-16-10:43
)
(/usr/local/texlive/2020/texmf-dist/tex/generic/tex4ht/unicode.4ht
version 2019-12-28-14:40
)
(/usr/local/texlive/2020/texmf-dist/tex/generic/tex4ht/html4-math.4ht
version 2020-03-06-15:07
)
(/usr/local/texlive/2020/texmf-dist/tex/generic/tex4ht/html5.4ht
version 2019-11-21-13:36
))
LaTeX Info: Redefining \autoref on input line 95.
\Hy@SectionHShift=\skip62

(/usr/local/texlive/2020/texmf-dist/tex/generic/tex4ht/html4.4ht
version 2020-03-16-10:43
)
(/usr/local/texlive/2020/texmf-dist/tex/generic/tex4ht/unicode.4ht
version 2019-12-28-14:40
)
(/usr/local/texlive/2020/texmf-dist/tex/generic/tex4ht/html4-math.4ht
version 2020-03-06-15:07
)
(/usr/local/texlive/2020/texmf-dist/tex/generic/tex4ht/html5.4ht
version 2019-11-21-13:36
))
(/usr/local/texlive/2020/texmf-dist/tex/generic/tex4ht/pd1enc.4ht
version 2009-05-21-09:32

(/usr/local/texlive/2020/texmf-dist/tex/generic/tex4ht/html4.4ht
version 2020-03-16-10:43
)
(/usr/local/texlive/2020/texmf-dist/tex/generic/tex4ht/unicode.4ht
version 2019-12-28-14:40
)
(/usr/local/texlive/2020/texmf-dist/tex/generic/tex4ht/html4-math.4ht
version 2020-03-06-15:07
)
(/usr/local/texlive/2020/texmf-dist/tex/generic/tex4ht/html5.4ht
version 2019-11-21-13:36
))
(/usr/local/texlive/2020/texmf-dist/tex/generic/tex4ht/url.4ht
version 2009-05-21-09:32

(/usr/local/texlive/2020/texmf-dist/tex/generic/tex4ht/html4.4ht
version 2020-03-16-10:43
--------------------------------------
--- Note --- for URL encoding within href use the command line option `url-enc'

--------------------------------------
)
(/usr/local/texlive/2020/texmf-dist/tex/generic/tex4ht/unicode.4ht
version 2019-12-28-14:40
)
(/usr/local/texlive/2020/texmf-dist/tex/generic/tex4ht/html4-math.4ht
version 2020-03-06-15:07
)
(/usr/local/texlive/2020/texmf-dist/tex/generic/tex4ht/html5.4ht
version 2019-11-21-13:36
))
(/usr/local/texlive/2020/texmf-dist/tex/generic/tex4ht/html4.4ht
version 2020-03-16-10:43
)
(/usr/local/texlive/2020/texmf-dist/tex/generic/tex4ht/unicode.4ht
version 2019-12-28-14:40
)
(/usr/local/texlive/2020/texmf-dist/tex/generic/tex4ht/html4-math.4ht
version 2020-03-06-15:07
)
(/usr/local/texlive/2020/texmf-dist/tex/generic/tex4ht/html5.4ht
version 2019-11-21-13:36
))
(/usr/local/texlive/2020/texmf-dist/tex/latex/l3backend/l3backend-dvips.def
File: l3backend-dvips.def 2020-03-12 L3 backend support: dvips
\l__pdf_internal_box=\box95
\g__pdf_backend_object_int=\count291
\l__pdf_backend_content_box=\box96
\l__pdf_backend_model_box=\box97
\g__pdf_backend_annotation_int=\count292
\g__pdf_backend_link_int=\count293
\g__pdf_backend_link_sf_int=\count294
)
(./MTP.aux

LaTeX Warning: Label `' multiply defined.


LaTeX Warning: Label `' multiply defined.

)
\openout1 = `MTP.aux'.

LaTeX Font Info:    Checking defaults for OML/cmm/m/it on input line 72.
LaTeX Font Info:    ... okay on input line 72.
LaTeX Font Info:    Checking defaults for OMS/cmsy/m/n on input line 72.
LaTeX Font Info:    ... okay on input line 72.
LaTeX Font Info:    Checking defaults for OT1/cmr/m/n on input line 72.
LaTeX Font Info:    ... okay on input line 72.
LaTeX Font Info:    Checking defaults for T1/cmr/m/n on input line 72.
LaTeX Font Info:    ... okay on input line 72.
LaTeX Font Info:    Checking defaults for TS1/cmr/m/n on input line 72.
LaTeX Font Info:    ... okay on input line 72.
LaTeX Font Info:    Checking defaults for OMX/cmex/m/n on input line 72.
LaTeX Font Info:    ... okay on input line 72.
LaTeX Font Info:    Checking defaults for U/cmr/m/n on input line 72.
LaTeX Font Info:    ... okay on input line 72.
LaTeX Font Info:    Checking defaults for PD1/pdf/m/n on input line 72.
LaTeX Font Info:    ... okay on input line 72.

*geometry* driver: auto-detecting
*geometry* detected driver: dvips
*geometry* verbose mode - [ preamble ] result:
* driver: dvips
* paper: a4paper
* layout: <same size as paper>
* layoutoffset:(h,v)=(0.0pt,0.0pt)
* modes: 
* h-part:(L,W,R)=(89.62709pt, 418.25368pt, 89.6271pt)
* v-part:(T,H,B)=(101.40665pt, 591.5302pt, 152.11pt)
* \paperwidth=597.50787pt
* \paperheight=845.04684pt
* \textwidth=418.25368pt
* \textheight=591.5302pt
* \oddsidemargin=0.0pt
* \evensidemargin=0.0pt
* \topmargin=-7.86334pt
* \headheight=12.0pt
* \headsep=25.0pt
* \topskip=10.0pt
* \footskip=30.0pt
* \marginparwidth=65.0pt
* \marginparsep=11.0pt
* \columnsep=10.0pt
* \skip\footins=9.0pt plus 4.0pt minus 2.0pt
* \hoffset=0.0pt
* \voffset=0.0pt
* \mag=1000
* \@twocolumnfalse
* \@twosidefalse
* \@mparswitchfalse
* \@reversemarginfalse
* (1in=72.27pt=25.4mm, 1cm=28.453pt)

\AtBeginShipoutBox=\box98
Package hyperref Info: Link coloring ON on input line 72.
LaTeX Info: Redefining \ref on input line 72.
LaTeX Info: Redefining \pageref on input line 72.
LaTeX Info: Redefining \nameref on input line 72.
--- file MTP.css ---
[1

]
LaTeX Font Info:    Trying to load font information for U+msa on input line 74.

 (/usr/local/texlive/2020/texmf-dist/tex/latex/amsfonts/umsa.fd
File: umsa.fd 2013/01/14 v3.01 AMS symbols A
)
LaTeX Font Info:    Trying to load font information for U+msb on input line 74.


(/usr/local/texlive/2020/texmf-dist/tex/latex/amsfonts/umsb.fd
File: umsb.fd 2013/01/14 v3.01 AMS symbols B
) [1] [1]
(./MTP.4ct) [2

] [3]
Chapter 1.
[4

] [5] [6

] [7

] [8

]
Chapter 2.
l. 142 Writing MTP.idv[1] (MTP0x.png)
[9

] [10

] [11

]
l. 167 Writing MTP.idv[2] (MTP1x.png)
l. 169 Writing MTP.idv[3] (MTP2x.png)
 [12

]
l. 174 Writing MTP.idv[4] (MTP3x.png)
l. 175 Writing MTP.idv[5] (MTP4x.png)
l. 186 Writing MTP.idv[6] (MTP5x.png)
 [13]
l. 192 Writing MTP.idv[7] (MTP6x.png)
l. 192 Writing MTP.idv[8] (MTP7x.png)
l. 192 Writing MTP.idv[9] (MTP8x.png)
l. 192 Writing MTP.idv[10] (MTP9x.png)
l. 197 Writing MTP.idv[11] (MTP10x.png)
l. 198 Writing MTP.idv[12] (MTP11x.png)
l. 200 Writing MTP.idv[13] (MTP12x.png)
l. 202 Writing MTP.idv[14] (MTP13x.png)
l. 207 Writing MTP.idv[15] (MTP14x.png)
l. 207 Writing MTP.idv[16] (MTP15x.png)
l. 207 Writing MTP.idv[17] (MTP16x.png)
l. 207 Writing MTP.idv[18] (MTP17x.png)
l. 207 Writing MTP.idv[19] (MTP18x.png)
l. 207 Writing MTP.idv[20] (MTP19x.png)
l. 207 Writing MTP.idv[21] (MTP20x.png)
l. 208 Writing MTP.idv[22] (MTP21x.png)
 [14] [15]
Chapter 3.
[16

]
l. 252 Writing MTP.idv[23] (MTP22x.png)
l. 260 Writing MTP.idv[24] (MTP23x.png)
l. 260 Writing MTP.idv[25] (MTP24x.png)
l. 260 Writing MTP.idv[26] (MTP25x.png)
l. 260 Writing MTP.idv[27] (MTP26x.png)
l. 265 Writing MTP.idv[28] (MTP27x.png)
l. 266 Writing MTP.idv[29] (MTP28x.png)
 [17]
l. 282 Writing MTP.idv[30] (MTP29x.png)
l. 282 Writing MTP.idv[31] (MTP30x.png)
l. 288 Writing MTP.idv[32] (MTP31x.png)
l. 289 Writing MTP.idv[33] (MTP32x.png)
 [18]
l. 299 Writing MTP.idv[34] (MTP33x.png)
l. 299 Writing MTP.idv[35] (MTP34x.png)
l. 304 Writing MTP.idv[36] (MTP35x.png)
l. 304 Writing MTP.idv[37] (MTP36x.png)
l. 305 Writing MTP.idv[38] (MTP37x.png)
 [19]
l. 309 Writing MTP.idv[39] (MTP38x.png)
l. 310 Writing MTP.idv[40] (MTP39x.png)
l. 319 Writing MTP.idv[41] (MTP40x.png)
 [20]
l. 322 Writing MTP.idv[42] (MTP41x.png)
l. 331 Writing MTP.idv[43] (MTP42x.png)
l. 332 Writing MTP.idv[44] (MTP43x.png)
l. 332 Writing MTP.idv[45] (MTP44x.png)
l. 332 Writing MTP.idv[46] (MTP45x.png)
 [21]
l. 334 Writing MTP.idv[47] (MTP46x.png)
l. 334 Writing MTP.idv[48] (MTP47x.png)
l. 335 Writing MTP.idv[49] (MTP48x.png)
l. 335 Writing MTP.idv[50] (MTP49x.png)
l. 335 Writing MTP.idv[51] (MTP50x.png)
l. 338 Writing MTP.idv[52] (MTP51x.png)
 [22]
l. 346 Writing MTP.idv[53] (MTP52x.png)
l. 346 Writing MTP.idv[54] (MTP53x.png)
l. 346 Writing MTP.idv[55] (MTP54x.png)
l. 360 Writing MTP.idv[56] (MTP55x.png)
 [23]
l. 363 Writing MTP.idv[57] (MTP56x.png)
l. 373 Writing MTP.idv[58] (MTP57x.png)
l. 373 Writing MTP.idv[59] (MTP58x.png)
 [24]
l. 376 Writing MTP.idv[60] (MTP59x.png)
l. 381 Writing MTP.idv[61] (MTP60x.png)
l. 383 Writing MTP.idv[62] (MTP61x.png)
l. 383 Writing MTP.idv[63] (MTP62x.png)
 [25]
l. 384 Writing MTP.idv[64] (MTP63x.png)
l. 390 Writing MTP.idv[65] (MTP64x.png)
l. 390 Writing MTP.idv[66] (MTP65x.png)
l. 393 Writing MTP.idv[67] (MTP66x.png)
l. 402 Writing MTP.idv[68] (MTP67x.png)
 [26]
l. 406 Writing MTP.idv[69] (MTP68x.png)
l. 415 Writing MTP.idv[70] (MTP69x.png)
l. 419 Writing MTP.idv[71] (MTP70x.png)
 [27]
l. 427 Writing MTP.idv[72] (MTP71x.png)
l. 428 Writing MTP.idv[73] (MTP72x.png)
l. 428 Writing MTP.idv[74] (MTP73x.png)
l. 433 Writing MTP.idv[75] (MTP74x.png)
 [28]
l. 440 Writing MTP.idv[76] (MTP75x.png)
l. 441 Writing MTP.idv[77] (MTP76x.png)
l. 441 Writing MTP.idv[78] (MTP77x.png)
l. 441 Writing MTP.idv[79] (MTP78x.png)
l. 446 Writing MTP.idv[80] (MTP79x.png)
 [29]
l. 462 Writing MTP.idv[81] (MTP80x.png)
 [30]
l. 465 Writing MTP.idv[82] (MTP81x.png)

[31]
l. 486 Writing MTP.idv[83] (MTP82x.png)
l. 497 Writing MTP.idv[84] (MTP83x.png)
 [32]
l. 500 Writing MTP.idv[85] (MTP84x.png)
l. 500 Writing MTP.idv[86] (MTP85x.png)
l. 500 Writing MTP.idv[87] (MTP86x.png)
l. 500 Writing MTP.idv[88] (MTP87x.png)
l. 507 Writing MTP.idv[89] (MTP88x.png)
l. 507 Writing MTP.idv[90] (MTP89x.png)
l. 511 Writing MTP.idv[91] (MTP90x.png)
l. 511 Writing MTP.idv[92] (MTP91x.png)
 [33]
l. 512 Writing MTP.idv[93] (MTP92x.png)
l. 520 Writing MTP.idv[94] (MTP93x.png)
l. 520 Writing MTP.idv[95] (MTP94x.png)
l. 520 Writing MTP.idv[96] (MTP95x.png)
 [34]
l. 530 Writing MTP.idv[97] (MTP96x.png)
 [35]
l. 541 Writing MTP.idv[98] (MTP97x.png)
l. 541 Writing MTP.idv[99] (MTP98x.png)
l. 544 Writing MTP.idv[100] (MTP99x.png)
l. 544 Writing MTP.idv[101] (MTP100x.png)
l. 544 Writing MTP.idv[102] (MTP101x.png)
l. 544 Writing MTP.idv[103] (MTP102x.png)
l. 547 Writing MTP.idv[104] (MTP103x.png)
 [36] [37] [38]
Chapter 4.
l. 578 Writing MTP.idv[105] (MTP104x.png)
l. 578 Writing MTP.idv[106] (MTP105x.png)
l. 581 Writing MTP.idv[107] (MTP106x.png)
l. 581 Writing MTP.idv[108] (MTP107x.png)
[39

]
l. 592 Writing MTP.idv[109] (MTP108x.png)
l. 592 Writing MTP.idv[110] (MTP109x.png)
 [40]
l. 603 Writing MTP.idv[111] (MTP110x.png)
l. 606 Writing MTP.idv[112] (MTP111x.png)
 [41]
l. 616 Writing MTP.idv[113] (MTP112x.png)
l. 622 Writing MTP.idv[114] (MTP113x.png)
l. 622 Writing MTP.idv[115] (MTP114x.png)
 [42]
l. 625 Writing MTP.idv[116] (MTP115x.png)
l. 625 Writing MTP.idv[117] (MTP116x.png)
l. 625 Writing MTP.idv[118] (MTP117x.png)
l. 625 Writing MTP.idv[119] (MTP118x.png)
l. 625 Writing MTP.idv[120] (MTP119x.png)
l. 625 Writing MTP.idv[121] (MTP120x.png)
l. 625 Writing MTP.idv[122] (MTP121x.png)
 [43]
l. 636 Writing MTP.idv[123] (MTP122x.png)
l. 636 Writing MTP.idv[124] (MTP123x.png)
l. 636 Writing MTP.idv[125] (MTP124x.png)
l. 639 Writing MTP.idv[126] (MTP125x.png)
l. 642 Writing MTP.idv[127] (MTP126x.png)
 [44]
l. 651 Writing MTP.idv[128] (MTP127x.png)
 [45]
l. 662 Writing MTP.idv[129] (MTP128x.png)
 [46] [47]
Chapter 5.
[48

]
l. 693 Writing MTP.idv[130] (MTP129x.png)
 [49]
l. 709 Writing MTP.idv[131] (MTP130x.png)
l. 711 Writing MTP.idv[132] (MTP131x.png)
l. 711 Writing MTP.idv[133] (MTP132x.png)
l. 711 Writing MTP.idv[134] (MTP133x.png)
l. 711 Writing MTP.idv[135] (MTP134x.png)
l. 711 Writing MTP.idv[136] (MTP135x.png)
l. 712 Writing MTP.idv[137] (MTP136x.png)
l. 712 Writing MTP.idv[138] (MTP137x.png)
l. 712 Writing MTP.idv[139] (MTP138x.png)
l. 712 Writing MTP.idv[140] (MTP139x.png)
l. 712 Writing MTP.idv[141] (MTP140x.png)
l. 712 Writing MTP.idv[142] (MTP141x.png)
l. 712 Writing MTP.idv[143] (MTP142x.png)
l. 712 Writing MTP.idv[144] (MTP143x.png)
l. 712 Writing MTP.idv[145] (MTP144x.png)
l. 712 Writing MTP.idv[146] (MTP145x.png)
 [50]
l. 721 Writing MTP.idv[147] (MTP146x.png)
l. 721 Writing MTP.idv[148] (MTP147x.png)
l. 724 Writing MTP.idv[149] (MTP148x.png)
l. 724 Writing MTP.idv[150] (MTP149x.png)
l. 724 Writing MTP.idv[151] (MTP150x.png)
l. 727 Writing MTP.idv[152] (MTP151x.png)
l. 727 Writing MTP.idv[153] (MTP152x.png)
 [51]
l. 730 Writing MTP.idv[154] (MTP153x.png)
l. 730 Writing MTP.idv[155] (MTP154x.png)
l. 730 Writing MTP.idv[156] (MTP155x.png)
l. 733 Writing MTP.idv[157] (MTP156x.png)
l. 733 Writing MTP.idv[158] (MTP157x.png)
l. 733 Writing MTP.idv[159] (MTP158x.png)
l. 733 Writing MTP.idv[160] (MTP159x.png)
 [52] [53] [54

] [55] (./MTP.aux)

LaTeX Warning: There were multiply-defined labels.

 ) 
Here is how much of TeX's memory you used:
 13856 strings out of 480609
 198654 string characters out of 5903657
 615202 words of memory out of 5000000
 29264 multiletter control sequences out of 15000+600000
 541676 words of font info for 60 fonts, out of 8000000 for 9000
 1141 hyphenation exceptions out of 8191
 43i,21n,54p,1489b,665s stack positions out of 5000i,500n,10000p,200000b,80000s

Output written on MTP.dvi (57 pages, 201404 bytes).
